#
# There is insufficient memory for the Java Runtime Environment to continue.
# Native memory allocation (malloc) failed to allocate 633456 bytes for Chunk::new
# Possible reasons:
#   The system is out of physical RAM or swap space
#   The process is running with CompressedOops enabled, and the Java Heap may be blocking the growth of the native heap
# Possible solutions:
#   Reduce memory load on the system
#   Increase physical memory or swap space
#   Check if swap backing store is full
#   Decrease Java heap size (-Xmx/-Xms)
#   Decrease number of Java threads
#   Decrease Java thread stack sizes (-Xss)
#   Set larger code cache with -XX:ReservedCodeCacheSize=
#   JVM is running with Unscaled Compressed Oops mode in which the Java heap is
#     placed in the first 4GB address space. The Java Heap base address is the
#     maximum limit for the native heap growth. Please use -XX:HeapBaseMinAddress
#     to set the Java Heap base and to place the Java Heap above 4GB virtual address.
# This output file may be truncated or incomplete.
#
#  Out of Memory Error (allocation.cpp:390), pid=2336, tid=0x00000000000005f4
#
# JRE version: Java(TM) SE Runtime Environment (8.0_201-b09) (build 1.8.0_201-b09)
# Java VM: Java HotSpot(TM) 64-Bit Server VM (25.201-b09 mixed mode windows-amd64 compressed oops)
# Failed to write core dump. Minidumps are not enabled by default on client versions of Windows
#

---------------  T H R E A D  ---------------

Current thread (0x0000000015171000):  JavaThread "C2 CompilerThread0" daemon [_thread_in_native, id=1524, stack(0x0000000016050000,0x0000000016150000)]

Stack: [0x0000000016050000,0x0000000016150000]
[error occurred during error reporting (printing stack bounds), id 0xc0000005]

Native frames: (J=compiled Java code, j=interpreted, Vv=VM code, C=native code)


Current CompileTask:
C2:  77427 2975       4       org.codehaus.groovy.runtime.metaclass.MetaMethodIndex::isMatchingMethod (65 bytes)


---------------  P R O C E S S  ---------------

Java Threads: ( => current thread )
  0x0000000017369800 JavaThread "Build operations Thread 2" [_thread_blocked, id=9836, stack(0x000000001c6c0000,0x000000001c7c0000)]
  0x0000000017368000 JavaThread "Build operations" [_thread_blocked, id=15104, stack(0x000000001c5c0000,0x000000001c6c0000)]
  0x000000001736c800 JavaThread "Cache worker for Artifact transforms cache (C:\Users\PC\.gradle\caches\transforms-1)" [_thread_blocked, id=6900, stack(0x000000001c2c0000,0x000000001c3c0000)]
  0x0000000017366000 JavaThread "Cache worker for cache directory md-rule (C:\Users\PC\.gradle\caches\4.10.2\md-rule)" [_thread_blocked, id=1328, stack(0x000000001bf50000,0x000000001c050000)]
  0x000000001736a800 JavaThread "Cache worker for cache directory md-supplier (C:\Users\PC\.gradle\caches\4.10.2\md-supplier)" [_thread_blocked, id=1692, stack(0x000000001bd50000,0x000000001be50000)]
  0x000000001736c000 JavaThread "Cache worker for journal cache (C:\Users\PC\.gradle\caches\journal-1)" [_thread_blocked, id=11988, stack(0x000000001b0a0000,0x000000001b1a0000)]
  0x0000000017369000 JavaThread "Cache worker for file hash cache (C:\Users\PC\Desktop\study\2019-cap1-2019_13-rn-studymode\src\android\.gradle\4.10.2\fileHashes)" [_thread_blocked, id=12620, stack(0x000000001afa0000,0x000000001b0a0000)]
  0x000000001736b000 JavaThread "File lock request listener" [_thread_in_native, id=13492, stack(0x000000001aea0000,0x000000001afa0000)]
  0x0000000017366800 JavaThread "Cache worker for file hash cache (C:\Users\PC\.gradle\caches\4.10.2\fileHashes)" [_thread_blocked, id=2556, stack(0x000000001ada0000,0x000000001aea0000)]
  0x0000000016ac7000 JavaThread "Stdin handler" [_thread_blocked, id=14624, stack(0x0000000018d00000,0x0000000018e00000)]
  0x0000000016ac6800 JavaThread "Asynchronous log dispatcher for DefaultDaemonConnection: socket connection from /127.0.0.1:3059 to /127.0.0.1:3060" [_thread_blocked, id=12916, stack(0x0000000018c00000,0x0000000018d00000)]
  0x00000000172b1800 JavaThread "Daemon worker" [_thread_in_native, id=9460, stack(0x0000000018900000,0x0000000018a00000)]
  0x0000000016433800 JavaThread "Cancel handler" [_thread_blocked, id=14448, stack(0x0000000018800000,0x0000000018900000)]
  0x0000000016c04800 JavaThread "Handler for socket connection from /127.0.0.1:3059 to /127.0.0.1:3060" [_thread_in_native, id=4764, stack(0x0000000018700000,0x0000000018800000)]
  0x000000001630b800 JavaThread "Daemon" [_thread_blocked, id=8924, stack(0x0000000018600000,0x0000000018700000)]
  0x000000001640b000 JavaThread "Daemon periodic checks" [_thread_blocked, id=13972, stack(0x0000000018500000,0x0000000018600000)]
  0x00000000164e1000 JavaThread "Incoming local TCP Connector on port 3059" [_thread_in_native, id=14924, stack(0x0000000018320000,0x0000000018420000)]
  0x00000000177fb800 JavaThread "Daemon health stats" [_thread_blocked, id=3948, stack(0x0000000018020000,0x0000000018120000)]
  0x00000000151ab000 JavaThread "Service Thread" daemon [_thread_blocked, id=12528, stack(0x0000000016650000,0x0000000016750000)]
  0x0000000015174800 JavaThread "C1 CompilerThread1" daemon [_thread_blocked, id=13908, stack(0x0000000016150000,0x0000000016250000)]
=>0x0000000015171000 JavaThread "C2 CompilerThread0" daemon [_thread_in_native, id=1524, stack(0x0000000016050000,0x0000000016150000)]
  0x0000000015170000 JavaThread "Attach Listener" daemon [_thread_blocked, id=2500, stack(0x0000000015f50000,0x0000000016050000)]
  0x000000001516f000 JavaThread "Signal Dispatcher" daemon [_thread_blocked, id=13604, stack(0x0000000015e50000,0x0000000015f50000)]
  0x0000000002c72800 JavaThread "Finalizer" daemon [_thread_blocked, id=13876, stack(0x0000000015d50000,0x0000000015e50000)]
  0x00000000150f8000 JavaThread "Reference Handler" daemon [_thread_blocked, id=2672, stack(0x0000000015c50000,0x0000000015d50000)]
  0x0000000002b82800 JavaThread "main" [_thread_blocked, id=10412, stack(0x0000000002a80000,0x0000000002b80000)]

Other Threads:
  0x00000000150d7000 VMThread [stack: 0x0000000015b50000,0x0000000015c50000] [id=14080]
  0x0000000016280000 WatcherThread [stack: 0x0000000016750000,0x0000000016850000] [id=15244]

VM state:not at safepoint (normal execution)

VM Mutex/Monitor currently owned by a thread: None

heap address: 0x00000000c0000000, size: 1024 MB, Compressed Oops mode: 32-bit
Narrow klass base: 0x0000000000000000, Narrow klass shift: 3
Compressed class space size: 1073741824 Address: 0x0000000100000000

Heap:
 PSYoungGen      total 71168K, used 14483K [0x00000000eab00000, 0x00000000efa00000, 0x0000000100000000)
  eden space 65536K, 15% used [0x00000000eab00000,0x00000000eb5250e0,0x00000000eeb00000)
  from space 5632K, 72% used [0x00000000ef080000,0x00000000ef47fcf8,0x00000000ef600000)
  to   space 5632K, 0% used [0x00000000eeb00000,0x00000000eeb00000,0x00000000ef080000)
 ParOldGen       total 32768K, used 14201K [0x00000000c0000000, 0x00000000c2000000, 0x00000000eab00000)
  object space 32768K, 43% used [0x00000000c0000000,0x00000000c0dde650,0x00000000c2000000)
 Metaspace       used 30586K, capacity 31080K, committed 31488K, reserved 1077248K
  class space    used 4331K, capacity 4502K, committed 4608K, reserved 1048576K

Card table byte_map: [0x0000000012040000,0x0000000012250000] byte_map_base: 0x0000000011a40000

Marking Bits: (ParMarkBitMap*) 0x0000000066004ce0
 Begin Bits: [0x00000000125b0000, 0x00000000135b0000)
 End Bits:   [0x00000000135b0000, 0x00000000145b0000)

Polling page: 0x00000000005f0000

CodeCache: size=245760Kb used=9648Kb max_used=9648Kb free=236111Kb
 bounds [0x0000000002c80000, 0x0000000003600000, 0x0000000011c80000]
 total_blobs=3398 nmethods=2721 adapters=590
 compilation: enabled

Compilation events (10 events):
Event: 76.971 Thread 0x0000000015174800 nmethod 2971 0x00000000035e9490 code [0x00000000035e9980, 0x00000000035edea8]
Event: 76.971 Thread 0x0000000015174800 2972       3       java.net.URI::appendFragment (27 bytes)
Event: 76.973 Thread 0x0000000015174800 nmethod 2972 0x00000000035f0550 code [0x00000000035f0740, 0x00000000035f12b8]
Event: 76.973 Thread 0x0000000015174800 2973       3       java.net.URI::checkPath (37 bytes)
Event: 76.974 Thread 0x0000000015174800 nmethod 2973 0x00000000035f1950 code [0x00000000035f1b00, 0x00000000035f20f8]
Event: 77.209 Thread 0x0000000015171000 2975       4       org.codehaus.groovy.runtime.metaclass.MetaMethodIndex::isMatchingMethod (65 bytes)
Event: 77.210 Thread 0x0000000015174800 2977       3       java.util.Arrays$ArrayList::toArray (11 bytes)
Event: 77.212 Thread 0x0000000015174800 nmethod 2977 0x00000000035f2710 code [0x00000000035f2880, 0x00000000035f2b88]
Event: 77.218 Thread 0x0000000015174800 2979       3       groovy.lang.MetaClassImpl::copyNonPrivateFields (70 bytes)
Event: 77.221 Thread 0x0000000015174800 nmethod 2979 0x00000000035f2c50 code [0x00000000035f2e80, 0x00000000035f3d38]

GC Heap History (10 events):
Event: 56.962 GC heap before
{Heap before GC invocations=9 (full 0):
 PSYoungGen      total 36352K, used 27593K [0x00000000eab00000, 0x00000000ed400000, 0x0000000100000000)
  eden space 31744K, 75% used [0x00000000eab00000,0x00000000ec27d008,0x00000000eca00000)
  from space 4608K, 76% used [0x00000000ecf80000,0x00000000ed2f5740,0x00000000ed400000)
  to   space 5120K, 0% used [0x00000000eca00000,0x00000000eca00000,0x00000000ecf00000)
 ParOldGen       total 44032K, used 7287K [0x00000000c0000000, 0x00000000c2b00000, 0x00000000eab00000)
  object space 44032K, 16% used [0x00000000c0000000,0x00000000c071df98,0x00000000c2b00000)
 Metaspace       used 20847K, capacity 21142K, committed 21248K, reserved 1067008K
  class space    used 2959K, capacity 3071K, committed 3072K, reserved 1048576K
Event: 56.983 GC heap after
Heap after GC invocations=9 (full 0):
 PSYoungGen      total 36864K, used 4943K [0x00000000eab00000, 0x00000000ee800000, 0x0000000100000000)
  eden space 31744K, 0% used [0x00000000eab00000,0x00000000eab00000,0x00000000eca00000)
  from space 5120K, 96% used [0x00000000eca00000,0x00000000eced3e58,0x00000000ecf00000)
  to   space 5632K, 0% used [0x00000000ee280000,0x00000000ee280000,0x00000000ee800000)
 ParOldGen       total 44032K, used 8240K [0x00000000c0000000, 0x00000000c2b00000, 0x00000000eab00000)
  object space 44032K, 18% used [0x00000000c0000000,0x00000000c080c010,0x00000000c2b00000)
 Metaspace       used 20847K, capacity 21142K, committed 21248K, reserved 1067008K
  class space    used 2959K, capacity 3071K, committed 3072K, reserved 1048576K
}
Event: 56.983 GC heap before
{Heap before GC invocations=10 (full 1):
 PSYoungGen      total 36864K, used 4943K [0x00000000eab00000, 0x00000000ee800000, 0x0000000100000000)
  eden space 31744K, 0% used [0x00000000eab00000,0x00000000eab00000,0x00000000eca00000)
  from space 5120K, 96% used [0x00000000eca00000,0x00000000eced3e58,0x00000000ecf00000)
  to   space 5632K, 0% used [0x00000000ee280000,0x00000000ee280000,0x00000000ee800000)
 ParOldGen       total 44032K, used 8240K [0x00000000c0000000, 0x00000000c2b00000, 0x00000000eab00000)
  object space 44032K, 18% used [0x00000000c0000000,0x00000000c080c010,0x00000000c2b00000)
 Metaspace       used 20847K, capacity 21142K, committed 21248K, reserved 1067008K
  class space    used 2959K, capacity 3071K, committed 3072K, reserved 1048576K
Event: 57.241 GC heap after
Heap after GC invocations=10 (full 1):
 PSYoungGen      total 36864K, used 0K [0x00000000eab00000, 0x00000000ee800000, 0x0000000100000000)
  eden space 31744K, 0% used [0x00000000eab00000,0x00000000eab00000,0x00000000eca00000)
  from space 5120K, 0% used [0x00000000eca00000,0x00000000eca00000,0x00000000ecf00000)
  to   space 5632K, 0% used [0x00000000ee280000,0x00000000ee280000,0x00000000ee800000)
 ParOldGen       total 32768K, used 10100K [0x00000000c0000000, 0x00000000c2000000, 0x00000000eab00000)
  object space 32768K, 30% used [0x00000000c0000000,0x00000000c09dd2e0,0x00000000c2000000)
 Metaspace       used 20847K, capacity 21142K, committed 21248K, reserved 1067008K
  class space    used 2959K, capacity 3071K, committed 3072K, reserved 1048576K
}
Event: 60.665 GC heap before
{Heap before GC invocations=11 (full 1):
 PSYoungGen      total 36864K, used 31744K [0x00000000eab00000, 0x00000000ee800000, 0x0000000100000000)
  eden space 31744K, 100% used [0x00000000eab00000,0x00000000eca00000,0x00000000eca00000)
  from space 5120K, 0% used [0x00000000eca00000,0x00000000eca00000,0x00000000ecf00000)
  to   space 5632K, 0% used [0x00000000ee280000,0x00000000ee280000,0x00000000ee800000)
 ParOldGen       total 32768K, used 10100K [0x00000000c0000000, 0x00000000c2000000, 0x00000000eab00000)
  object space 32768K, 30% used [0x00000000c0000000,0x00000000c09dd2e0,0x00000000c2000000)
 Metaspace       used 24020K, capacity 24396K, committed 24832K, reserved 1071104K
  class space    used 3351K, capacity 3491K, committed 3584K, reserved 1048576K
Event: 60.679 GC heap after
Heap after GC invocations=11 (full 1):
 PSYoungGen      total 50176K, used 3810K [0x00000000eab00000, 0x00000000ee680000, 0x0000000100000000)
  eden space 46080K, 0% used [0x00000000eab00000,0x00000000eab00000,0x00000000ed800000)
  from space 4096K, 93% used [0x00000000ee280000,0x00000000ee638938,0x00000000ee680000)
  to   space 5632K, 0% used [0x00000000edb80000,0x00000000edb80000,0x00000000ee100000)
 ParOldGen       total 32768K, used 10108K [0x00000000c0000000, 0x00000000c2000000, 0x00000000eab00000)
  object space 32768K, 30% used [0x00000000c0000000,0x00000000c09df2e0,0x00000000c2000000)
 Metaspace       used 24020K, capacity 24396K, committed 24832K, reserved 1071104K
  class space    used 3351K, capacity 3491K, committed 3584K, reserved 1048576K
}
Event: 67.218 GC heap before
{Heap before GC invocations=12 (full 1):
 PSYoungGen      total 50176K, used 49890K [0x00000000eab00000, 0x00000000ee680000, 0x0000000100000000)
  eden space 46080K, 100% used [0x00000000eab00000,0x00000000ed800000,0x00000000ed800000)
  from space 4096K, 93% used [0x00000000ee280000,0x00000000ee638938,0x00000000ee680000)
  to   space 5632K, 0% used [0x00000000edb80000,0x00000000edb80000,0x00000000ee100000)
 ParOldGen       total 32768K, used 10108K [0x00000000c0000000, 0x00000000c2000000, 0x00000000eab00000)
  object space 32768K, 30% used [0x00000000c0000000,0x00000000c09df2e0,0x00000000c2000000)
 Metaspace       used 27274K, capacity 27734K, committed 28160K, reserved 1073152K
  class space    used 3812K, capacity 3984K, committed 4096K, reserved 1048576K
Event: 67.243 GC heap after
Heap after GC invocations=12 (full 1):
 PSYoungGen      total 55296K, used 4820K [0x00000000eab00000, 0x00000000ef600000, 0x0000000100000000)
  eden space 49664K, 0% used [0x00000000eab00000,0x00000000eab00000,0x00000000edb80000)
  from space 5632K, 85% used [0x00000000edb80000,0x00000000ee035068,0x00000000ee100000)
  to   space 5632K, 0% used [0x00000000ef080000,0x00000000ef080000,0x00000000ef600000)
 ParOldGen       total 32768K, used 11968K [0x00000000c0000000, 0x00000000c2000000, 0x00000000eab00000)
  object space 32768K, 36% used [0x00000000c0000000,0x00000000c0bb0350,0x00000000c2000000)
 Metaspace       used 27274K, capacity 27734K, committed 28160K, reserved 1073152K
  class space    used 3812K, capacity 3984K, committed 4096K, reserved 1048576K
}
Event: 75.533 GC heap before
{Heap before GC invocations=13 (full 1):
 PSYoungGen      total 55296K, used 54484K [0x00000000eab00000, 0x00000000ef600000, 0x0000000100000000)
  eden space 49664K, 100% used [0x00000000eab00000,0x00000000edb80000,0x00000000edb80000)
  from space 5632K, 85% used [0x00000000edb80000,0x00000000ee035068,0x00000000ee100000)
  to   space 5632K, 0% used [0x00000000ef080000,0x00000000ef080000,0x00000000ef600000)
 ParOldGen       total 32768K, used 11968K [0x00000000c0000000, 0x00000000c2000000, 0x00000000eab00000)
  object space 32768K, 36% used [0x00000000c0000000,0x00000000c0bb0350,0x00000000c2000000)
 Metaspace       used 30122K, capacity 30562K, committed 30848K, reserved 1075200K
  class space    used 4263K, capacity 4436K, committed 4480K, reserved 1048576K
Event: 75.566 GC heap after
Heap after GC invocations=13 (full 1):
 PSYoungGen      total 71168K, used 4095K [0x00000000eab00000, 0x00000000efa00000, 0x0000000100000000)
  eden space 65536K, 0% used [0x00000000eab00000,0x00000000eab00000,0x00000000eeb00000)
  from space 5632K, 72% used [0x00000000ef080000,0x00000000ef47fcf8,0x00000000ef600000)
  to   space 5632K, 0% used [0x00000000eeb00000,0x00000000eeb00000,0x00000000ef080000)
 ParOldGen       total 32768K, used 14201K [0x00000000c0000000, 0x00000000c2000000, 0x00000000eab00000)
  object space 32768K, 43% used [0x00000000c0000000,0x00000000c0dde650,0x00000000c2000000)
 Metaspace       used 30122K, capacity 30562K, committed 30848K, reserved 1075200K
  class space    used 4263K, capacity 4436K, committed 4480K, reserved 1048576K
}

Deoptimization events (10 events):
Event: 60.997 Thread 0x00000000172b1800 Uncommon trap: reason=unstable_if action=reinterpret pc=0x0000000002d9d5d8 method=java.util.HashMap.putVal(ILjava/lang/Object;Ljava/lang/Object;ZZ)Ljava/lang/Object; @ 85
Event: 61.145 Thread 0x00000000172b1800 Uncommon trap: reason=unstable_if action=reinterpret pc=0x0000000002f605f0 method=java.util.LinkedHashMap.afterNodeInsertion(Z)V @ 1
Event: 64.015 Thread 0x00000000172b1800 Uncommon trap: reason=class_check action=maybe_recompile pc=0x0000000003196140 method=sun.misc.URLClassPath.getLoader(I)Lsun/misc/URLClassPath$Loader; @ 94
Event: 65.087 Thread 0x00000000172b1800 Uncommon trap: reason=unstable_if action=reinterpret pc=0x0000000003434ef8 method=org.codehaus.groovy.runtime.metaclass.MetaMethodIndex.addMethodToList(Ljava/lang/Object;Lgroovy/lang/MetaMethod;)Ljava/lang/Object; @ 226
Event: 66.063 Thread 0x00000000172b1800 Uncommon trap: reason=unstable_if action=reinterpret pc=0x0000000002f2a62c method=java.io.WinNTFileSystem.resolve(Ljava/lang/String;Ljava/lang/String;)Ljava/lang/String; @ 49
Event: 69.736 Thread 0x00000000172b1800 Uncommon trap: reason=range_check action=make_not_entrant pc=0x00000000034b9e94 method=java.lang.String.charAt(I)C @ 27
Event: 74.090 Thread 0x00000000172b1800 Uncommon trap: reason=unstable_if action=reinterpret pc=0x00000000034f7bfc method=java.util.concurrent.ConcurrentHashMap.get(Ljava/lang/Object;)Ljava/lang/Object; @ 152
Event: 74.090 Thread 0x00000000172b1800 Uncommon trap: reason=class_check action=maybe_recompile pc=0x00000000030640c0 method=java.util.concurrent.ConcurrentHashMap.putVal(Ljava/lang/Object;Ljava/lang/Object;Z)Ljava/lang/Object; @ 192
Event: 74.216 Thread 0x00000000172b1800 Uncommon trap: reason=class_check action=maybe_recompile pc=0x00000000030640c0 method=java.util.concurrent.ConcurrentHashMap.putVal(Ljava/lang/Object;Ljava/lang/Object;Z)Ljava/lang/Object; @ 192
Event: 74.229 Thread 0x00000000172b1800 Uncommon trap: reason=class_check action=maybe_recompile pc=0x00000000030640c0 method=java.util.concurrent.ConcurrentHashMap.putVal(Ljava/lang/Object;Ljava/lang/Object;Z)Ljava/lang/Object; @ 192

Classes redefined (0 events):
No events

Internal exceptions (10 events):
Event: 66.521 Thread 0x00000000172b1800 Exception <a 'java/lang/ClassNotFoundException': org/gradle/api/internal/DefaultNamedDomainObjectListCustomizer> (0x00000000ecdcb108) thrown at [C:\re\workspace\8-2-build-windows-amd64-cygwin\jdk8u201\12322\hotspot\src\share\vm\classfile\systemDictionary.
Event: 66.533 Thread 0x00000000172b1800 Exception <a 'java/lang/ClassNotFoundException': org/gradle/api/internal/artifacts/DefaultArtifactRepositoryContainerCustomizer> (0x00000000ece3eee0) thrown at [C:\re\workspace\8-2-build-windows-amd64-cygwin\jdk8u201\12322\hotspot\src\share\vm\classfile\s
Event: 66.538 Thread 0x00000000172b1800 Exception <a 'java/lang/ClassNotFoundException': org/gradle/api/internal/artifacts/dsl/DefaultRepositoryHandlerCustomizer> (0x00000000ecea4fe8) thrown at [C:\re\workspace\8-2-build-windows-amd64-cygwin\jdk8u201\12322\hotspot\src\share\vm\classfile\systemD
Event: 66.543 Thread 0x00000000172b1800 Exception <a 'java/lang/ClassNotFoundException': org/gradle/api/internal/artifacts/dsl/DefaultRepositoryHandler_DecoratedCustomizer> (0x00000000ecf13f28) thrown at [C:\re\workspace\8-2-build-windows-amd64-cygwin\jdk8u201\12322\hotspot\src\share\vm\classfi
Event: 69.656 Thread 0x00000000172b1800 Exception <a 'java/lang/ClassNotFoundException': org/gradle/api/internal/artifacts/dsl/dependencies/DefaultDependencyHandler_DecoratedBeanInfo> (0x00000000ebba94e8) thrown at [C:\re\workspace\8-2-build-windows-amd64-cygwin\jdk8u201\12322\hotspot\src\share
Event: 69.659 Thread 0x00000000172b1800 Exception <a 'java/lang/ClassNotFoundException': org/gradle/api/internal/artifacts/dsl/dependencies/DefaultDependencyHandlerBeanInfo> (0x00000000ebbfb908) thrown at [C:\re\workspace\8-2-build-windows-amd64-cygwin\jdk8u201\12322\hotspot\src\share\vm\classf
Event: 69.662 Thread 0x00000000172b1800 Exception <a 'java/lang/ClassNotFoundException': org/gradle/api/internal/artifacts/dsl/dependencies/DefaultDependencyHandlerCustomizer> (0x00000000ebc4e7b0) thrown at [C:\re\workspace\8-2-build-windows-amd64-cygwin\jdk8u201\12322\hotspot\src\share\vm\clas
Event: 69.672 Thread 0x00000000172b1800 Exception <a 'java/lang/ClassNotFoundException': org/gradle/api/internal/artifacts/dsl/dependencies/DefaultDependencyHandler_DecoratedCustomizer> (0x00000000ebcc8cd8) thrown at [C:\re\workspace\8-2-build-windows-amd64-cygwin\jdk8u201\12322\hotspot\src\sha
Event: 77.216 Thread 0x00000000172b1800 Exception <a 'java/lang/ClassNotFoundException': build_4h9cang58npkp82i5uhhzp31BeanInfo> (0x00000000eb4e93a8) thrown at [C:\re\workspace\8-2-build-windows-amd64-cygwin\jdk8u201\12322\hotspot\src\share\vm\classfile\systemDictionary.cpp, line 210]
Event: 77.217 Thread 0x00000000172b1800 Exception <a 'java/lang/ClassNotFoundException': build_4h9cang58npkp82i5uhhzp31Customizer> (0x00000000eb4f3ff0) thrown at [C:\re\workspace\8-2-build-windows-amd64-cygwin\jdk8u201\12322\hotspot\src\share\vm\classfile\systemDictionary.cpp, line 210]

Events (10 events):
Event: 77.207 loading class groovy/runtime/metaclass/build_4h9cang58npkp82i5uhhzp31MetaClass
Event: 77.207 loading class groovy/runtime/metaclass/build_4h9cang58npkp82i5uhhzp31MetaClass done
Event: 77.216 loading class build_4h9cang58npkp82i5uhhzp31BeanInfo
Event: 77.216 loading class build_4h9cang58npkp82i5uhhzp31BeanInfo done
Event: 77.216 loading class build_4h9cang58npkp82i5uhhzp31BeanInfo
Event: 77.216 loading class build_4h9cang58npkp82i5uhhzp31BeanInfo done
Event: 77.217 loading class build_4h9cang58npkp82i5uhhzp31Customizer
Event: 77.217 loading class build_4h9cang58npkp82i5uhhzp31Customizer done
Event: 77.217 loading class build_4h9cang58npkp82i5uhhzp31Customizer
Event: 77.217 loading class build_4h9cang58npkp82i5uhhzp31Customizer done


Dynamic libraries:
0x00007ff68e090000 - 0x00007ff68e0c7000 	C:\Program Files\Java\jdk1.8.0_201\bin\java.exe
0x00007ff81d8f0000 - 0x00007ff81dad1000 	C:\WINDOWS\SYSTEM32\ntdll.dll
0x00007ff81d7d0000 - 0x00007ff81d881000 	C:\WINDOWS\System32\KERNEL32.DLL
0x00007ff81a100000 - 0x00007ff81a373000 	C:\WINDOWS\System32\KERNELBASE.dll
0x00007ff81d550000 - 0x00007ff81d5f1000 	C:\WINDOWS\System32\ADVAPI32.dll
0x00007ff81ade0000 - 0x00007ff81ae7e000 	C:\WINDOWS\System32\msvcrt.dll
0x00007ff81b540000 - 0x00007ff81b59b000 	C:\WINDOWS\System32\sechost.dll
0x00007ff81b0d0000 - 0x00007ff81b1f4000 	C:\WINDOWS\System32\RPCRT4.dll
0x00007ff81b5b0000 - 0x00007ff81b740000 	C:\WINDOWS\System32\USER32.dll
0x00007ff81aae0000 - 0x00007ff81ab00000 	C:\WINDOWS\System32\win32u.dll
0x00007ff81b8c0000 - 0x00007ff81b8e8000 	C:\WINDOWS\System32\GDI32.dll
0x00007ff81ab00000 - 0x00007ff81ac92000 	C:\WINDOWS\System32\gdi32full.dll
0x00007ff819fb0000 - 0x00007ff81a04f000 	C:\WINDOWS\System32\msvcp_win.dll
0x00007ff819cc0000 - 0x00007ff819db8000 	C:\WINDOWS\System32\ucrtbase.dll
0x00007ff807950000 - 0x00007ff807bb9000 	C:\WINDOWS\WinSxS\amd64_microsoft.windows.common-controls_6595b64144ccf1df_6.0.17134.706_none_fb43a2cb30647007\COMCTL32.dll
0x00007ff81b200000 - 0x00007ff81b522000 	C:\WINDOWS\System32\combase.dll
0x00007ff81aca0000 - 0x00007ff81ad1a000 	C:\WINDOWS\System32\bcryptPrimitives.dll
0x00007ff81d890000 - 0x00007ff81d8bd000 	C:\WINDOWS\System32\IMM32.DLL
0x0000000066090000 - 0x0000000066161000 	C:\Program Files\Java\jdk1.8.0_201\jre\bin\msvcr100.dll
0x00000000657e0000 - 0x0000000066084000 	C:\Program Files\Java\jdk1.8.0_201\jre\bin\server\jvm.dll
0x00007ff81d7c0000 - 0x00007ff81d7c8000 	C:\WINDOWS\System32\PSAPI.DLL
0x00007ffff8520000 - 0x00007ffff8529000 	C:\WINDOWS\SYSTEM32\WSOCK32.dll
0x00007ff81d6b0000 - 0x00007ff81d71c000 	C:\WINDOWS\System32\WS2_32.dll
0x00007ff817de0000 - 0x00007ff817e03000 	C:\WINDOWS\SYSTEM32\WINMM.dll
0x00007ff80e880000 - 0x00007ff80e88a000 	C:\WINDOWS\SYSTEM32\VERSION.dll
0x00007ff817db0000 - 0x00007ff817dda000 	C:\WINDOWS\SYSTEM32\WINMMBASE.dll
0x00007ff81aa90000 - 0x00007ff81aad9000 	C:\WINDOWS\System32\cfgmgr32.dll
0x00007ff812bd0000 - 0x00007ff812bdf000 	C:\Program Files\Java\jdk1.8.0_201\jre\bin\verify.dll
0x00007ff804190000 - 0x00007ff8041b9000 	C:\Program Files\Java\jdk1.8.0_201\jre\bin\java.dll
0x00007ff803410000 - 0x00007ff803426000 	C:\Program Files\Java\jdk1.8.0_201\jre\bin\zip.dll
0x00007ff81bd40000 - 0x00007ff81d180000 	C:\WINDOWS\System32\SHELL32.dll
0x00007ff81d600000 - 0x00007ff81d6a9000 	C:\WINDOWS\System32\shcore.dll
0x00007ff81a380000 - 0x00007ff81aa8d000 	C:\WINDOWS\System32\windows.storage.dll
0x00007ff81d490000 - 0x00007ff81d4e1000 	C:\WINDOWS\System32\shlwapi.dll
0x00007ff819c30000 - 0x00007ff819c41000 	C:\WINDOWS\System32\kernel.appcore.dll
0x00007ff819c10000 - 0x00007ff819c2f000 	C:\WINDOWS\System32\profapi.dll
0x00007ff819c50000 - 0x00007ff819c9c000 	C:\WINDOWS\System32\powrprof.dll
0x00007ff819c00000 - 0x00007ff819c0a000 	C:\WINDOWS\System32\FLTLIB.DLL
0x00007ffffa990000 - 0x00007ffffa9aa000 	C:\Program Files\Java\jdk1.8.0_201\jre\bin\net.dll
0x00007ff80f010000 - 0x00007ff80f1d8000 	C:\WINDOWS\SYSTEM32\urlmon.dll
0x00007ff80f3d0000 - 0x00007ff80f676000 	C:\WINDOWS\SYSTEM32\iertutil.dll
0x00007ff8195f0000 - 0x00007ff8195fb000 	C:\WINDOWS\SYSTEM32\CRYPTBASE.DLL
0x00007ff819420000 - 0x00007ff819486000 	C:\WINDOWS\system32\mswsock.dll
0x00007ffffa0c0000 - 0x00007ffffa0d1000 	C:\Program Files\Java\jdk1.8.0_201\jre\bin\nio.dll
0x00007ff806c50000 - 0x00007ff806c6e000 	C:\Users\PC\.gradle\native\25\windows-amd64\native-platform.dll
0x00007ff806c30000 - 0x00007ff806c3d000 	C:\Program Files\Java\jdk1.8.0_201\jre\bin\management.dll
0x00007ff8195d0000 - 0x00007ff8195e7000 	C:\WINDOWS\SYSTEM32\CRYPTSP.dll
0x00007ff819000000 - 0x00007ff819033000 	C:\WINDOWS\system32\rsaenh.dll
0x00007ff819700000 - 0x00007ff819725000 	C:\WINDOWS\SYSTEM32\bcrypt.dll
0x00007ff819b30000 - 0x00007ff819b58000 	C:\WINDOWS\SYSTEM32\USERENV.dll
0x00007ff8191a0000 - 0x00007ff8191d8000 	C:\WINDOWS\SYSTEM32\IPHLPAPI.DLL
0x00007ff81b530000 - 0x00007ff81b538000 	C:\WINDOWS\System32\NSI.dll
0x00007ff8103b0000 - 0x00007ff8103c6000 	C:\WINDOWS\SYSTEM32\dhcpcsvc6.DLL
0x00007ff810660000 - 0x00007ff81067a000 	C:\WINDOWS\SYSTEM32\dhcpcsvc.DLL

VM Arguments:
jvm_args: -XX:+HeapDumpOnOutOfMemoryError -Xmx1024m -Dfile.encoding=x-windows-949 -Duser.country=KR -Duser.language=ko -Duser.variant 
java_command: org.gradle.launcher.daemon.bootstrap.GradleDaemon 4.10.2
java_class_path (initial): C:\Users\PC\.gradle\wrapper\dists\gradle-4.10.2-all\9fahxiiecdb76a5g3aw9oi8rv\gradle-4.10.2\lib\gradle-launcher-4.10.2.jar
Launcher Type: SUN_STANDARD

Environment Variables:
JAVA_HOME=C:\Program Files\Java\jdk1.8.0_201
CLASSPATH=C:\Users\PC\Desktop\study\2019-cap1-2019_13-rn-studymode\src\android\\gradle\wrapper\gradle-wrapper.jar
PATH=C:\Program Files (x86)\Common Files\Oracle\Java\javapath;C:\Perl\site\bin;C:\Perl\bin;C:\Python34\;C:\Python34\Scripts;C:\Program Files (x86)\Wizvera\Delfino;C:\Program Files (x86)\Intel\TXE Components\TCS\;C:\Program Files\Intel\TXE Components\TCS\;C:\WINDOWS\system32;C:\WINDOWS;C:\WINDOWS\System32\Wbem;C:\WINDOWS\System32\WindowsPowerShell\v1.0\;c:\python34\;c:\python34\scripits\;C:\Program Files\Microsoft SQL Server\110\Tools\Binn\;C:\WINDOWS\system32\config\systemprofile\.dnx\bin;C:\Program Files\Microsoft DNX\Dnvm\;C:\Program Files (x86)\SMLNJ\bin\;C:\CWB\bin;C:\WINDOWS\System32\OpenSSH\;C:\Program Files\Java\jdk1.8.0_201\bin;C:\Program Files\nodejs\;C:\Users\PC\Anaconda3;C:\Users\PC\Anaconda3\Scripts;C:\Users\PC\Anaconda3\Library\bin;C:\altera_lite\15.1\modelsim_ase\win32aloem;C:\Users\PC\AppData\Local\Microsoft\WindowsApps;C:\Users\PC\AppData\Local\GitHubDesktop\bin;C:\Users\PC\AppData\Local\Microsoft\WindowsApps;C:\Users\PC\AppData\Roaming\npm
USERNAME=PC
OS=Windows_NT
PROCESSOR_IDENTIFIER=Intel64 Family 6 Model 55 Stepping 8, GenuineIntel



---------------  S Y S T E M  ---------------

OS: Windows 10.0 , 64 bit Build 17134 (10.0.17134.706)

CPU:total 2 (initial active 2) (2 cores per cpu, 1 threads per core) family 6 model 55 stepping 8, cmov, cx8, fxsr, mmx, sse, sse2, sse3, ssse3, sse4.1, sse4.2, popcnt, clmul, erms, 3dnowpref, tsc, tscinvbit

Memory: 4k page, physical 4080060k(311540k free), swap 8274364k(0k free)

vm_info: Java HotSpot(TM) 64-Bit Server VM (25.201-b09) for windows-amd64 JRE (1.8.0_201-b09), built on Dec 15 2018 18:36:39 by "java_re" with MS VC++ 10.0 (VS2010)

time: Wed Apr 17 00:45:29 2019
timezone: 대한민국 표준시
elapsed time: 77 seconds (0d 0h 1m 17s)

